<?xml version="1.0" encoding="UTF-8"?>
<!-- Generated by org.testng.reporters.JUnitReportReporter -->
<testsuite hostname="Rizwan-PC" name="org.testing.TestScripts.TC1" tests="1" failures="0" timestamp="29 Apr 2021 10:27:52 GMT" time="65.376" errors="0">
  <testcase name="login" time="65.376" classname="org.testing.TestScripts.TC1"/>
</testsuite> <!-- org.testing.TestScripts.TC1 -->
