<?xml version="1.0" encoding="UTF-8"?>
<!-- Generated by org.testng.reporters.JUnitReportReporter -->
<testsuite hostname="Rizwan-PC" name="org.testing.TestScripts.TC7" tests="1" failures="0" timestamp="29 Apr 2021 10:51:37 GMT" time="54.879" errors="0">
  <testcase name="login" time="54.879" classname="org.testing.TestScripts.TC7"/>
</testsuite> <!-- org.testing.TestScripts.TC7 -->
