<?xml version="1.0" encoding="UTF-8"?>
<!-- Generated by org.testng.reporters.JUnitReportReporter -->
<testsuite hostname="Rizwan-PC" name="org.testing.TestScripts.TC8" tests="1" failures="0" timestamp="29 Apr 2021 10:36:50 GMT" time="65.973" errors="0">
  <testcase name="login" time="65.973" classname="org.testing.TestScripts.TC8"/>
</testsuite> <!-- org.testing.TestScripts.TC8 -->
